<?xml version="1.0" encoding="UTF-8"?>
<testng-results skipped="0" failed="0" ignored="0" total="1" passed="1">
  <reporter-output>
  </reporter-output>
  <suite name="tests.loginTest" duration-ms="27" started-at="2022-12-03T05:00:36Z" finished-at="2022-12-03T05:00:36Z">
    <groups>
    </groups>
    <test name="Command line test" duration-ms="27" started-at="2022-12-03T05:00:36Z" finished-at="2022-12-03T05:00:36Z">
      <class name="tests.loginTest">
        <test-method status="PASS" signature="login()[pri:0, instance:tests.loginTest@180bc464]" name="login" duration-ms="7" started-at="2022-12-03T05:00:36Z" finished-at="2022-12-03T05:00:36Z">
          <reporter-output>
          </reporter-output>
        </test-method> <!-- login -->
      </class> <!-- tests.loginTest -->
    </test> <!-- Command line test -->
  </suite> <!-- tests.loginTest -->
</testng-results>
